\BOOKMARK [1][-]{section.1}{Introduction}{}% 1
\BOOKMARK [1][-]{section.2}{Data}{}% 2
\BOOKMARK [2][-]{subsection.2.1}{The West Texas Intermediate \(WTI\) Crude Oil Dataset}{section.2}% 3
\BOOKMARK [2][-]{subsection.2.2}{Crude Oil Returns}{section.2}% 4
\BOOKMARK [2][-]{subsection.2.3}{Day of the Week Effect in Crude Oil Dataset}{section.2}% 5
\BOOKMARK [3][-]{subsubsection.2.3.1}{Difference in Returns across the Week}{subsection.2.3}% 6
\BOOKMARK [3][-]{subsubsection.2.3.2}{Kolmogorov-Smirnov test for Distributional Similarities}{subsection.2.3}% 7
\BOOKMARK [2][-]{subsection.2.4}{News and Sentiment Datasets}{section.2}% 8
\BOOKMARK [2][-]{subsection.2.5}{Classifying News Type}{section.2}% 9
\BOOKMARK [2][-]{subsection.2.6}{Case Studies of Events}{section.2}% 10
\BOOKMARK [3][-]{subsubsection.2.6.1}{Positive Spike on November 30, 2016}{subsection.2.6}% 11
\BOOKMARK [3][-]{subsubsection.2.6.2}{Negative Spike on December 6, 2018}{subsection.2.6}% 12
\BOOKMARK [3][-]{subsubsection.2.6.3}{Positive Spike on June. 12 - 13, 2019}{subsection.2.6}% 13
\BOOKMARK [1][-]{section.3}{Models}{}% 14
\BOOKMARK [2][-]{subsection.3.1}{Relevant Works}{section.3}% 15
\BOOKMARK [2][-]{subsection.3.2}{Linear Models}{section.3}% 16
\BOOKMARK [2][-]{subsection.3.3}{Support Vector Regression}{section.3}% 17
\BOOKMARK [2][-]{subsection.3.4}{Convolution Neural Network}{section.3}% 18
\BOOKMARK [2][-]{subsection.3.5}{Recurrent Neural Network}{section.3}% 19
\BOOKMARK [1][-]{section.4}{Experiments}{}% 20
\BOOKMARK [2][-]{subsection.4.1}{k-Fold Validation}{section.4}% 21
\BOOKMARK [1][-]{section*.15}{References}{}% 22
\BOOKMARK [1][-]{section.5}{Appendix: Supplementary Summary Statistics for Datasets}{}% 23
