2019-10-31 14:13:52,284 - utilities - INFO - Loading Stock [JPM]...
2019-10-31 14:14:00,066 - utilities - INFO - Found 0 type with 338 records
2019-10-31 14:14:00,069 - utilities - INFO - Found 1 type with 412 records
2019-10-31 14:14:00,069 - learning - INFO - Searching classifier best parameters
2019-10-31 14:14:03,009 - learning - INFO - Best parameters found:
2019-10-31 14:14:03,010 - learning - INFO - 0.6666666666666666
2019-10-31 14:14:03,010 - learning - INFO - {'C': 10, 'gamma': 1, 'kernel': 'rbf'}
2019-10-31 14:14:03,011 - learning - INFO - Creating calibrated...
2019-10-31 14:14:03,012 - learning - INFO - Training...
2019-10-31 14:14:03,261 - utilities - INFO - 
              precision    recall  f1-score   support

           0      0.711     0.529     0.607       102
           1      0.724     0.851     0.783       148

    accuracy                          0.720       250
   macro avg      0.717     0.690     0.695       250
weighted avg      0.719     0.720     0.711       250

2019-10-31 14:14:03,263 - utilities - INFO - Macro F1 0.695
2019-10-31 14:14:03,268 - utilities - INFO - Micro F1 0.720
2019-10-31 14:14:03,273 - utilities - INFO - Accurary: 0.720 and AUC 0.690
2019-10-31 14:14:03,695 - utilities - INFO - Loading Stock [JPM]...
2019-10-31 14:14:06,872 - utilities - INFO - Found 0 type with 338 records
2019-10-31 14:14:06,876 - utilities - INFO - Found 1 type with 412 records
2019-10-31 14:14:06,877 - learning - INFO - Searching classifier best parameters
2019-10-31 14:14:07,801 - learning - INFO - Best parameters found:
2019-10-31 14:14:07,802 - learning - INFO - 0.676
2019-10-31 14:14:07,803 - learning - INFO - {'C': 10, 'gamma': 0.1, 'kernel': 'rbf'}
2019-10-31 14:14:07,804 - learning - INFO - Creating calibrated...
2019-10-31 14:14:07,804 - learning - INFO - Training...
2019-10-31 14:14:08,049 - utilities - INFO - 
              precision    recall  f1-score   support

           0      0.584     0.578     0.581       102
           1      0.711     0.716     0.714       148

    accuracy                          0.660       250
   macro avg      0.648     0.647     0.648       250
weighted avg      0.659     0.660     0.660       250

2019-10-31 14:14:08,051 - utilities - INFO - Macro F1 0.648
2019-10-31 14:14:08,053 - utilities - INFO - Micro F1 0.660
2019-10-31 14:14:08,056 - utilities - INFO - Accurary: 0.660 and AUC 0.647
2019-10-31 14:14:08,589 - utilities - INFO - Loading Stock [JPM]...
2019-10-31 14:14:11,962 - utilities - INFO - Found 0 type with 338 records
2019-10-31 14:14:11,965 - utilities - INFO - Found 1 type with 412 records
2019-10-31 14:14:11,966 - learning - INFO - Searching classifier best parameters
2019-10-31 14:14:12,979 - learning - INFO - Best parameters found:
2019-10-31 14:14:12,980 - learning - INFO - 0.6266666666666667
2019-10-31 14:14:12,981 - learning - INFO - {'C': 10, 'gamma': 1, 'kernel': 'rbf'}
2019-10-31 14:14:12,982 - learning - INFO - Creating calibrated...
2019-10-31 14:14:12,982 - learning - INFO - Training...
2019-10-31 14:14:13,219 - utilities - INFO - 
              precision    recall  f1-score   support

           0      0.647     0.324     0.431       102
           1      0.653     0.878     0.749       148

    accuracy                          0.652       250
   macro avg      0.650     0.601     0.590       250
weighted avg      0.651     0.652     0.620       250

2019-10-31 14:14:13,222 - utilities - INFO - Macro F1 0.590
2019-10-31 14:14:13,224 - utilities - INFO - Micro F1 0.652
2019-10-31 14:14:13,228 - utilities - INFO - Accurary: 0.652 and AUC 0.601
2019-10-31 14:14:13,789 - utilities - INFO - Loading Stock [JPM]...
2019-10-31 14:14:17,326 - utilities - INFO - Found 0 type with 338 records
2019-10-31 14:14:17,330 - utilities - INFO - Found 1 type with 412 records
2019-10-31 14:14:17,331 - learning - INFO - Searching classifier best parameters
2019-10-31 14:14:19,008 - learning - INFO - Best parameters found:
2019-10-31 14:14:19,009 - learning - INFO - 0.572
2019-10-31 14:14:19,009 - learning - INFO - {'C': 10, 'gamma': 0.1, 'kernel': 'rbf'}
2019-10-31 14:14:19,010 - learning - INFO - Creating calibrated...
2019-10-31 14:14:19,011 - learning - INFO - Training...
2019-10-31 14:14:19,313 - utilities - INFO - 
              precision    recall  f1-score   support

           0      0.554     0.402     0.466       102
           1      0.653     0.777     0.710       148

    accuracy                          0.624       250
   macro avg      0.604     0.589     0.588       250
weighted avg      0.613     0.624     0.610       250

2019-10-31 14:14:19,316 - utilities - INFO - Macro F1 0.588
2019-10-31 14:14:19,319 - utilities - INFO - Micro F1 0.624
2019-10-31 14:14:19,323 - utilities - INFO - Accurary: 0.624 and AUC 0.589
2019-10-31 14:14:24,326 - utilities - INFO - Loading Stock [JPM]...
2019-10-31 14:14:27,484 - utilities - INFO - Found 0 type with 338 records
2019-10-31 14:14:27,488 - utilities - INFO - Found 1 type with 412 records
2019-10-31 14:14:27,488 - learning - INFO - Searching classifier best parameters
2019-10-31 14:14:28,488 - learning - INFO - Best parameters found:
2019-10-31 14:14:28,489 - learning - INFO - 0.6666666666666666
2019-10-31 14:14:28,490 - learning - INFO - {'C': 10, 'gamma': 1, 'kernel': 'rbf'}
2019-10-31 14:14:28,491 - learning - INFO - Creating calibrated...
2019-10-31 14:14:28,491 - learning - INFO - Training...
2019-10-31 14:14:28,738 - utilities - INFO - 
              precision    recall  f1-score   support

           0      0.711     0.529     0.607       102
           1      0.724     0.851     0.783       148

    accuracy                          0.720       250
   macro avg      0.717     0.690     0.695       250
weighted avg      0.719     0.720     0.711       250

2019-10-31 14:14:28,741 - utilities - INFO - Macro F1 0.695
2019-10-31 14:14:28,745 - utilities - INFO - Micro F1 0.720
2019-10-31 14:14:28,747 - utilities - INFO - Accurary: 0.720 and AUC 0.690
2019-10-31 14:14:28,987 - utilities - INFO - Loading Stock [JPM]...
2019-10-31 14:14:31,873 - utilities - INFO - Found 0 type with 338 records
2019-10-31 14:14:31,876 - utilities - INFO - Found 1 type with 412 records
2019-10-31 14:14:31,877 - learning - INFO - Searching classifier best parameters
2019-10-31 14:14:32,793 - learning - INFO - Best parameters found:
2019-10-31 14:14:32,800 - learning - INFO - 0.676
2019-10-31 14:14:32,801 - learning - INFO - {'C': 10, 'gamma': 0.1, 'kernel': 'rbf'}
2019-10-31 14:14:32,802 - learning - INFO - Creating calibrated...
2019-10-31 14:14:32,804 - learning - INFO - Training...
2019-10-31 14:14:33,068 - utilities - INFO - 
              precision    recall  f1-score   support

           0      0.584     0.578     0.581       102
           1      0.711     0.716     0.714       148

    accuracy                          0.660       250
   macro avg      0.648     0.647     0.648       250
weighted avg      0.659     0.660     0.660       250

2019-10-31 14:14:33,071 - utilities - INFO - Macro F1 0.648
2019-10-31 14:14:33,074 - utilities - INFO - Micro F1 0.660
2019-10-31 14:14:33,079 - utilities - INFO - Accurary: 0.660 and AUC 0.647
2019-10-31 14:14:33,695 - utilities - INFO - Loading Stock [JPM]...
2019-10-31 14:14:36,696 - utilities - INFO - Found 0 type with 338 records
2019-10-31 14:14:36,699 - utilities - INFO - Found 1 type with 412 records
2019-10-31 14:14:36,700 - learning - INFO - Searching classifier best parameters
2019-10-31 14:14:37,594 - learning - INFO - Best parameters found:
2019-10-31 14:14:37,595 - learning - INFO - 0.6266666666666667
2019-10-31 14:14:37,596 - learning - INFO - {'C': 10, 'gamma': 1, 'kernel': 'rbf'}
2019-10-31 14:14:37,597 - learning - INFO - Creating calibrated...
2019-10-31 14:14:37,598 - learning - INFO - Training...
2019-10-31 14:14:37,855 - utilities - INFO - 
              precision    recall  f1-score   support

           0      0.647     0.324     0.431       102
           1      0.653     0.878     0.749       148

    accuracy                          0.652       250
   macro avg      0.650     0.601     0.590       250
weighted avg      0.651     0.652     0.620       250

2019-10-31 14:14:37,858 - utilities - INFO - Macro F1 0.590
2019-10-31 14:14:37,860 - utilities - INFO - Micro F1 0.652
2019-10-31 14:14:37,863 - utilities - INFO - Accurary: 0.652 and AUC 0.601
2019-10-31 14:14:38,452 - utilities - INFO - Loading Stock [JPM]...
2019-10-31 14:14:41,793 - utilities - INFO - Found 0 type with 338 records
2019-10-31 14:14:41,796 - utilities - INFO - Found 1 type with 412 records
2019-10-31 14:14:41,799 - learning - INFO - Searching classifier best parameters
2019-10-31 14:14:42,853 - learning - INFO - Best parameters found:
2019-10-31 14:14:42,854 - learning - INFO - 0.572
2019-10-31 14:14:42,855 - learning - INFO - {'C': 10, 'gamma': 0.1, 'kernel': 'rbf'}
2019-10-31 14:14:42,856 - learning - INFO - Creating calibrated...
2019-10-31 14:14:42,856 - learning - INFO - Training...
2019-10-31 14:14:43,225 - utilities - INFO - 
              precision    recall  f1-score   support

           0      0.554     0.402     0.466       102
           1      0.653     0.777     0.710       148

    accuracy                          0.624       250
   macro avg      0.604     0.589     0.588       250
weighted avg      0.613     0.624     0.610       250

2019-10-31 14:14:43,228 - utilities - INFO - Macro F1 0.588
2019-10-31 14:14:43,232 - utilities - INFO - Micro F1 0.624
2019-10-31 14:14:43,237 - utilities - INFO - Accurary: 0.624 and AUC 0.589
2019-10-31 14:18:52,552 - utilities - INFO - Loading Stock [JPM]...
2019-10-31 14:25:28,955 - tensorflow - WARNING - Early stopping conditioned on metric `val_loss` which is not available. Available metrics are: 
2019-10-31 14:29:20,477 - utilities - INFO - 
              precision    recall  f1-score   support

           0      0.417     0.343     0.376       102
           1      0.596     0.669     0.631       148

    accuracy                          0.536       250
   macro avg      0.507     0.506     0.503       250
weighted avg      0.523     0.536     0.527       250

2019-10-31 14:29:20,480 - utilities - INFO - Macro F1 0.503
2019-10-31 14:29:20,483 - utilities - INFO - Micro F1 0.536
2019-10-31 14:29:41,953 - utilities - INFO - Accurary: 0.536 and AUC 0.506
2019-10-31 14:31:57,542 - utilities - INFO - 
              precision    recall  f1-score   support

           0      0.418     0.225     0.293       102
           1      0.595     0.784     0.676       148

    accuracy                          0.556       250
   macro avg      0.507     0.505     0.485       250
weighted avg      0.523     0.556     0.520       250

2019-10-31 14:31:57,545 - utilities - INFO - Macro F1 0.485
2019-10-31 14:31:57,548 - utilities - INFO - Micro F1 0.556
2019-10-31 14:32:00,000 - utilities - INFO - Accurary: 0.556 and AUC 0.505
2019-10-31 14:34:35,329 - tensorflow - WARNING - From /Library/Frameworks/Python.framework/Versions/3.7/lib/python3.7/site-packages/torchsummary/torchsummary.py:68: Layer.apply (from tensorflow.python.keras.engine.base_layer) is deprecated and will be removed in a future version.
Instructions for updating:
Please use `layer.__call__` method instead.
2019-10-31 15:33:18,600 - utilities - INFO - Loading Stock [JPM]...
2019-10-31 15:33:51,842 - utilities - INFO - 
              precision    recall  f1-score   support

           0      0.449     0.216     0.291       102
           1      0.602     0.818     0.693       148

    accuracy                          0.572       250
   macro avg      0.525     0.517     0.492       250
weighted avg      0.540     0.572     0.529       250

2019-10-31 15:33:51,849 - utilities - INFO - Macro F1 0.492
2019-10-31 15:33:51,853 - utilities - INFO - Micro F1 0.572
2019-10-31 15:33:51,874 - utilities - INFO - Accurary: 0.572 and AUC 0.517
2019-10-31 17:46:14,881 - utilities - INFO - Loading Stock [JPM]...
2019-10-31 17:47:28,374 - utilities - INFO - Loading Stock [JPM]...
2019-10-31 20:40:51,384 - utilities - INFO - Loading [../DataSets/Market/stock/JPM.csv]...
2019-10-31 20:41:13,663 - utilities - INFO - Loading [../DataSets/Market/stock/JPM.csv]...
2019-10-31 20:42:57,362 - utilities - INFO - Loading [../DataSets/Market/stock/JPM.csv]...
2019-10-31 20:52:02,893 - utilities - INFO - Loading Stock [JPM]...
2019-10-31 20:52:22,034 - root - ERROR - Invalid alias: The name clear can't be aliased because it is another magic command.
2019-10-31 20:52:22,035 - root - ERROR - Invalid alias: The name more can't be aliased because it is another magic command.
2019-10-31 20:52:22,035 - root - ERROR - Invalid alias: The name less can't be aliased because it is another magic command.
2019-10-31 20:52:22,036 - root - ERROR - Invalid alias: The name man can't be aliased because it is another magic command.
