2019-10-31 20:52:40,239 - utilities - INFO - Loading Stock [JPM]...
2019-10-31 20:56:01,445 - utilities - INFO - Loading Stock [JPM]...
2019-10-31 20:56:11,353 - utilities - INFO - Found 0 type with 338 records
2019-10-31 20:56:11,357 - utilities - INFO - Found 1 type with 412 records
2019-10-31 20:56:11,358 - learning - INFO - Searching classifier best parameters
2019-10-31 20:56:14,497 - learning - INFO - Best parameters found:
2019-10-31 20:56:14,498 - learning - INFO - 0.6586666666666666
2019-10-31 20:56:14,499 - learning - INFO - {'C': 10, 'gamma': 1, 'kernel': 'rbf'}
2019-10-31 20:56:14,500 - learning - INFO - Creating calibrated...
2019-10-31 20:56:14,501 - learning - INFO - Training...
2019-10-31 20:56:34,942 - utilities - INFO - Found 0 type with 338 records
2019-10-31 20:56:34,946 - utilities - INFO - Found 1 type with 412 records
2019-10-31 20:56:34,947 - learning - INFO - Searching classifier best parameters
2019-10-31 20:56:36,077 - learning - INFO - Best parameters found:
2019-10-31 20:56:36,078 - learning - INFO - 0.6586666666666666
2019-10-31 20:56:36,079 - learning - INFO - {'C': 10, 'gamma': 1, 'kernel': 'rbf'}
2019-10-31 20:56:36,080 - learning - INFO - Creating calibrated...
2019-10-31 20:56:36,080 - learning - INFO - Training...
2019-11-01 01:45:41,930 - root - ERROR - Invalid alias: The name clear can't be aliased because it is another magic command.
2019-11-01 01:45:41,932 - root - ERROR - Invalid alias: The name more can't be aliased because it is another magic command.
2019-11-01 01:45:41,933 - root - ERROR - Invalid alias: The name less can't be aliased because it is another magic command.
2019-11-01 01:45:41,935 - root - ERROR - Invalid alias: The name man can't be aliased because it is another magic command.
